{"/home/p31/andromeda/software/packages/shared/src/ui/p31-shared/Button.tsx": {"path":"/home/p31/andromeda/software/packages/shared/src/ui/p31-shared/Button.tsx","statementMap":{"0":{"start":{"line":5,"column":6},"end":{"line":30,"column":null}},"1":{"start":{"line":39,"column":22},"end":{"line":63,"column":null}},"2":{"start":{"line":41,"column":4},"end":{"line":60,"column":null}},"3":{"start":{"line":64,"column":0},"end":{"line":64,"column":null}}},"fnMap":{"0":{"name":"(anonymous_0)","decl":{"start":{"line":39,"column":28},"end":{"line":39,"column":null}},"loc":{"start":{"line":40,"column":80},"end":{"line":63,"column":null}},"line":40}},"branchMap":{"0":{"loc":{"start":{"line":45,"column":18},"end":{"line":45,"column":null}},"type":"binary-expr","locations":[{"start":{"line":45,"column":18},"end":{"line":45,"column":30}},{"start":{"line":45,"column":30},"end":{"line":45,"column":null}}],"line":45},"1":{"loc":{"start":{"line":49,"column":9},"end":{"line":58,"column":null}},"type":"cond-expr","locations":[{"start":{"line":50,"column":10},"end":{"line":58,"column":null}},{"start":{"line":58,"column":10},"end":{"line":58,"column":null}}],"line":49}},"s":{"0":1,"1":1,"2":4,"3":1},"f":{"0":4},"b":{"0":[4,3],"1":[1,3]},"meta":{"lastBranch":2,"lastFunction":1,"lastStatement":4,"seen":{"s:5:6:30:Infinity":0,"s:39:22:63:Infinity":1,"f:39:28:39:Infinity":0,"s:41:4:60:Infinity":2,"b:45:18:45:30:45:30:45:Infinity":0,"b:50:10:58:Infinity:58:10:58:Infinity":1,"s:64:0:64:Infinity":3}}}
,"/home/p31/andromeda/software/packages/shared/src/ui/p31-shared/Card.tsx": {"path":"/home/p31/andromeda/software/packages/shared/src/ui/p31-shared/Card.tsx","statementMap":{"0":{"start":{"line":8,"column":20},"end":{"line":26,"column":null}},"1":{"start":{"line":10,"column":4},"end":{"line":23,"column":null}},"2":{"start":{"line":27,"column":0},"end":{"line":27,"column":null}},"3":{"start":{"line":29,"column":26},"end":{"line":33,"column":null}},"4":{"start":{"line":31,"column":4},"end":{"line":33,"column":null}},"5":{"start":{"line":34,"column":0},"end":{"line":34,"column":null}},"6":{"start":{"line":36,"column":25},"end":{"line":40,"column":null}},"7":{"start":{"line":38,"column":4},"end":{"line":40,"column":null}},"8":{"start":{"line":41,"column":0},"end":{"line":41,"column":null}},"9":{"start":{"line":43,"column":31},"end":{"line":47,"column":null}},"10":{"start":{"line":45,"column":4},"end":{"line":47,"column":null}},"11":{"start":{"line":48,"column":0},"end":{"line":48,"column":null}},"12":{"start":{"line":50,"column":27},"end":{"line":54,"column":null}},"13":{"start":{"line":52,"column":4},"end":{"line":54,"column":null}},"14":{"start":{"line":55,"column":0},"end":{"line":55,"column":null}},"15":{"start":{"line":57,"column":26},"end":{"line":61,"column":null}},"16":{"start":{"line":59,"column":4},"end":{"line":61,"column":null}},"17":{"start":{"line":62,"column":0},"end":{"line":62,"column":null}}},"fnMap":{"0":{"name":"(anonymous_0)","decl":{"start":{"line":8,"column":26},"end":{"line":8,"column":null}},"loc":{"start":{"line":9,"column":67},"end":{"line":26,"column":null}},"line":9},"1":{"name":"(anonymous_1)","decl":{"start":{"line":29,"column":32},"end":{"line":29,"column":null}},"loc":{"start":{"line":31,"column":4},"end":{"line":33,"column":null}},"line":31},"2":{"name":"(anonymous_2)","decl":{"start":{"line":36,"column":31},"end":{"line":36,"column":null}},"loc":{"start":{"line":38,"column":4},"end":{"line":40,"column":null}},"line":38},"3":{"name":"(anonymous_3)","decl":{"start":{"line":43,"column":37},"end":{"line":43,"column":null}},"loc":{"start":{"line":45,"column":4},"end":{"line":47,"column":null}},"line":45},"4":{"name":"(anonymous_4)","decl":{"start":{"line":50,"column":33},"end":{"line":50,"column":null}},"loc":{"start":{"line":52,"column":4},"end":{"line":54,"column":null}},"line":52},"5":{"name":"(anonymous_5)","decl":{"start":{"line":57,"column":32},"end":{"line":57,"column":null}},"loc":{"start":{"line":59,"column":4},"end":{"line":61,"column":null}},"line":59}},"branchMap":{"0":{"loc":{"start":{"line":9,"column":16},"end":{"line":9,"column":37}},"type":"default-arg","locations":[{"start":{"line":9,"column":26},"end":{"line":9,"column":37}}],"line":9},"1":{"loc":{"start":{"line":15,"column":10},"end":{"line":15,"column":null}},"type":"binary-expr","locations":[{"start":{"line":15,"column":10},"end":{"line":15,"column":35}},{"start":{"line":15,"column":35},"end":{"line":15,"column":null}}],"line":15},"2":{"loc":{"start":{"line":16,"column":10},"end":{"line":16,"column":null}},"type":"binary-expr","locations":[{"start":{"line":16,"column":10},"end":{"line":16,"column":33}},{"start":{"line":16,"column":33},"end":{"line":16,"column":null}}],"line":16},"3":{"loc":{"start":{"line":17,"column":10},"end":{"line":17,"column":null}},"type":"binary-expr","locations":[{"start":{"line":17,"column":10},"end":{"line":17,"column":35}},{"start":{"line":17,"column":35},"end":{"line":17,"column":null}}],"line":17}},"s":{"0":0,"1":0,"2":0,"3":0,"4":0,"5":0,"6":0,"7":0,"8":0,"9":0,"10":0,"11":0,"12":0,"13":0,"14":0,"15":0,"16":0,"17":0},"f":{"0":0,"1":0,"2":0,"3":0,"4":0,"5":0},"b":{"0":[0],"1":[0,0],"2":[0,0],"3":[0,0]},"meta":{"lastBranch":4,"lastFunction":6,"lastStatement":18,"seen":{"s:8:20:26:Infinity":0,"f:8:26:8:Infinity":0,"b:9:26:9:37":0,"s:10:4:23:Infinity":1,"b:15:10:15:35:15:35:15:Infinity":1,"b:16:10:16:33:16:33:16:Infinity":2,"b:17:10:17:35:17:35:17:Infinity":3,"s:27:0:27:Infinity":2,"s:29:26:33:Infinity":3,"f:29:32:29:Infinity":1,"s:31:4:33:Infinity":4,"s:34:0:34:Infinity":5,"s:36:25:40:Infinity":6,"f:36:31:36:Infinity":2,"s:38:4:40:Infinity":7,"s:41:0:41:Infinity":8,"s:43:31:47:Infinity":9,"f:43:37:43:Infinity":3,"s:45:4:47:Infinity":10,"s:48:0:48:Infinity":11,"s:50:27:54:Infinity":12,"f:50:33:50:Infinity":4,"s:52:4:54:Infinity":13,"s:55:0:55:Infinity":14,"s:57:26:61:Infinity":15,"f:57:32:57:Infinity":5,"s:59:4:61:Infinity":16,"s:62:0:62:Infinity":17}}}
,"/home/p31/andromeda/software/packages/shared/src/ui/p31-shared/Footer.tsx": {"path":"/home/p31/andromeda/software/packages/shared/src/ui/p31-shared/Footer.tsx","statementMap":{"0":{"start":{"line":23,"column":13},"end":{"line":69,"column":null}},"1":{"start":{"line":31,"column":16},"end":{"line":31,"column":null}},"2":{"start":{"line":32,"column":2},"end":{"line":69,"column":null}},"3":{"start":{"line":44,"column":12},"end":{"line":61,"column":null}},"4":{"start":{"line":48,"column":18},"end":{"line":58,"column":null}},"5":{"start":{"line":72,"column":0},"end":{"line":72,"column":null}}},"fnMap":{"0":{"name":"(anonymous_0)","decl":{"start":{"line":23,"column":13},"end":{"line":23,"column":46}},"loc":{"start":{"line":30,"column":6},"end":{"line":69,"column":null}},"line":30},"1":{"name":"(anonymous_1)","decl":{"start":{"line":43,"column":20},"end":{"line":43,"column":25}},"loc":{"start":{"line":44,"column":12},"end":{"line":61,"column":null}},"line":44},"2":{"name":"(anonymous_2)","decl":{"start":{"line":47,"column":31},"end":{"line":47,"column":36}},"loc":{"start":{"line":48,"column":18},"end":{"line":58,"column":null}},"line":48}},"branchMap":{"0":{"loc":{"start":{"line":25,"column":2},"end":{"line":25,"column":15}},"type":"default-arg","locations":[{"start":{"line":25,"column":13},"end":{"line":25,"column":15}}],"line":25},"1":{"loc":{"start":{"line":26,"column":2},"end":{"line":26,"column":null}},"type":"default-arg","locations":[{"start":{"line":26,"column":12},"end":{"line":26,"column":null}}],"line":26},"2":{"loc":{"start":{"line":27,"column":2},"end":{"line":27,"column":null}},"type":"default-arg","locations":[{"start":{"line":27,"column":10},"end":{"line":27,"column":null}}],"line":27},"3":{"loc":{"start":{"line":28,"column":2},"end":{"line":28,"column":null}},"type":"default-arg","locations":[{"start":{"line":28,"column":19},"end":{"line":28,"column":null}}],"line":28},"4":{"loc":{"start":{"line":36,"column":8},"end":{"line":36,"column":null}},"type":"cond-expr","locations":[{"start":{"line":36,"column":16},"end":{"line":36,"column":67}},{"start":{"line":36,"column":67},"end":{"line":36,"column":null}}],"line":36},"5":{"loc":{"start":{"line":53,"column":24},"end":{"line":53,"column":null}},"type":"cond-expr","locations":[{"start":{"line":53,"column":32},"end":{"line":53,"column":72}},{"start":{"line":53,"column":72},"end":{"line":53,"column":null}}],"line":53},"6":{"loc":{"start":{"line":64,"column":58},"end":{"line":64,"column":142}},"type":"cond-expr","locations":[{"start":{"line":64,"column":66},"end":{"line":64,"column":105}},{"start":{"line":64,"column":105},"end":{"line":64,"column":142}}],"line":64},"7":{"loc":{"start":{"line":66,"column":11},"end":{"line":66,"column":null}},"type":"binary-expr","locations":[{"start":{"line":66,"column":11},"end":{"line":66,"column":29}},{"start":{"line":66,"column":29},"end":{"line":66,"column":null}}],"line":66}},"s":{"0":0,"1":0,"2":0,"3":0,"4":0,"5":0},"f":{"0":0,"1":0,"2":0},"b":{"0":[0],"1":[0],"2":[0],"3":[0],"4":[0,0],"5":[0,0],"6":[0,0],"7":[0,0]},"meta":{"lastBranch":8,"lastFunction":3,"lastStatement":6,"seen":{"s:23:13:69:Infinity":0,"f:23:13:23:46":0,"b:25:13:25:15":0,"b:26:12:26:Infinity":1,"b:27:10:27:Infinity":2,"b:28:19:28:Infinity":3,"s:31:16:31:Infinity":1,"s:32:2:69:Infinity":2,"b:36:16:36:67:36:67:36:Infinity":4,"f:43:20:43:25":1,"s:44:12:61:Infinity":3,"f:47:31:47:36":2,"s:48:18:58:Infinity":4,"b:53:32:53:72:53:72:53:Infinity":5,"b:64:66:64:105:64:105:64:142":6,"b:66:11:66:29:66:29:66:Infinity":7,"s:72:0:72:Infinity":5}}}
,"/home/p31/andromeda/software/packages/shared/src/ui/p31-shared/Input.tsx": {"path":"/home/p31/andromeda/software/packages/shared/src/ui/p31-shared/Input.tsx","statementMap":{"0":{"start":{"line":9,"column":21},"end":{"line":42,"column":null}},"1":{"start":{"line":11,"column":20},"end":{"line":11,"column":67}},"2":{"start":{"line":12,"column":4},"end":{"line":37,"column":null}},"3":{"start":{"line":43,"column":0},"end":{"line":43,"column":null}}},"fnMap":{"0":{"name":"(anonymous_0)","decl":{"start":{"line":9,"column":27},"end":{"line":9,"column":null}},"loc":{"start":{"line":10,"column":54},"end":{"line":42,"column":null}},"line":10}},"branchMap":{"0":{"loc":{"start":{"line":11,"column":20},"end":{"line":11,"column":67}},"type":"binary-expr","locations":[{"start":{"line":11,"column":20},"end":{"line":11,"column":26}},{"start":{"line":11,"column":26},"end":{"line":11,"column":67}}],"line":11},"1":{"loc":{"start":{"line":14,"column":9},"end":{"line":17,"column":null}},"type":"binary-expr","locations":[{"start":{"line":14,"column":9},"end":{"line":14,"column":null}},{"start":{"line":15,"column":10},"end":{"line":17,"column":null}}],"line":14},"2":{"loc":{"start":{"line":27,"column":12},"end":{"line":27,"column":null}},"type":"cond-expr","locations":[{"start":{"line":27,"column":20},"end":{"line":27,"column":69}},{"start":{"line":27,"column":69},"end":{"line":27,"column":null}}],"line":27},"3":{"loc":{"start":{"line":31,"column":28},"end":{"line":31,"column":null}},"type":"cond-expr","locations":[{"start":{"line":31,"column":36},"end":{"line":31,"column":57}},{"start":{"line":31,"column":57},"end":{"line":31,"column":null}}],"line":31},"4":{"loc":{"start":{"line":34,"column":9},"end":{"line":37,"column":null}},"type":"binary-expr","locations":[{"start":{"line":34,"column":9},"end":{"line":34,"column":null}},{"start":{"line":35,"column":10},"end":{"line":37,"column":null}}],"line":34}},"s":{"0":1,"1":3,"2":3,"3":1},"f":{"0":3},"b":{"0":[3,3],"1":[3,3],"2":[1,2],"3":[1,2],"4":[3,1]},"meta":{"lastBranch":5,"lastFunction":1,"lastStatement":4,"seen":{"s:9:21:42:Infinity":0,"f:9:27:9:Infinity":0,"s:11:20:11:67":1,"b:11:20:11:26:11:26:11:67":0,"s:12:4:37:Infinity":2,"b:14:9:14:Infinity:15:10:17:Infinity":1,"b:27:20:27:69:27:69:27:Infinity":2,"b:31:36:31:57:31:57:31:Infinity":3,"b:34:9:34:Infinity:35:10:37:Infinity":4,"s:43:0:43:Infinity":3}}}
,"/home/p31/andromeda/software/packages/shared/src/ui/p31-shared/LoadingSkeleton.tsx": {"path":"/home/p31/andromeda/software/packages/shared/src/ui/p31-shared/LoadingSkeleton.tsx","statementMap":{"0":{"start":{"line":8,"column":24},"end":{"line":24,"column":null}},"1":{"start":{"line":10,"column":4},"end":{"line":21,"column":null}},"2":{"start":{"line":25,"column":0},"end":{"line":25,"column":null}},"3":{"start":{"line":32,"column":13},"end":{"line":37,"column":null}},"4":{"start":{"line":33,"column":2},"end":{"line":37,"column":null}},"5":{"start":{"line":36,"column":6},"end":{"line":36,"column":null}},"6":{"start":{"line":40,"column":0},"end":{"line":40,"column":null}}},"fnMap":{"0":{"name":"(anonymous_0)","decl":{"start":{"line":8,"column":30},"end":{"line":8,"column":null}},"loc":{"start":{"line":9,"column":54},"end":{"line":24,"column":null}},"line":9},"1":{"name":"(anonymous_1)","decl":{"start":{"line":32,"column":13},"end":{"line":32,"column":58}},"loc":{"start":{"line":33,"column":2},"end":{"line":37,"column":null}},"line":33},"2":{"name":"(anonymous_2)","decl":{"start":{"line":35,"column":35},"end":{"line":35,"column":40}},"loc":{"start":{"line":36,"column":6},"end":{"line":36,"column":null}},"line":36}},"branchMap":{"0":{"loc":{"start":{"line":9,"column":16},"end":{"line":9,"column":34}},"type":"default-arg","locations":[{"start":{"line":9,"column":26},"end":{"line":9,"column":34}}],"line":9},"1":{"loc":{"start":{"line":15,"column":10},"end":{"line":15,"column":null}},"type":"binary-expr","locations":[{"start":{"line":15,"column":10},"end":{"line":15,"column":32}},{"start":{"line":15,"column":32},"end":{"line":15,"column":null}}],"line":15},"2":{"loc":{"start":{"line":16,"column":10},"end":{"line":16,"column":null}},"type":"binary-expr","locations":[{"start":{"line":16,"column":10},"end":{"line":16,"column":36}},{"start":{"line":16,"column":36},"end":{"line":16,"column":null}}],"line":16},"3":{"loc":{"start":{"line":17,"column":10},"end":{"line":17,"column":null}},"type":"binary-expr","locations":[{"start":{"line":17,"column":10},"end":{"line":17,"column":39}},{"start":{"line":17,"column":39},"end":{"line":17,"column":null}}],"line":17},"4":{"loc":{"start":{"line":32,"column":60},"end":{"line":32,"column":71}},"type":"default-arg","locations":[{"start":{"line":32,"column":68},"end":{"line":32,"column":71}}],"line":32},"5":{"loc":{"start":{"line":36,"column":50},"end":{"line":36,"column":90}},"type":"cond-expr","locations":[{"start":{"line":36,"column":68},"end":{"line":36,"column":78}},{"start":{"line":36,"column":78},"end":{"line":36,"column":90}}],"line":36}},"s":{"0":0,"1":0,"2":0,"3":0,"4":0,"5":0,"6":0},"f":{"0":0,"1":0,"2":0},"b":{"0":[0],"1":[0,0],"2":[0,0],"3":[0,0],"4":[0],"5":[0,0]},"meta":{"lastBranch":6,"lastFunction":3,"lastStatement":7,"seen":{"s:8:24:24:Infinity":0,"f:8:30:8:Infinity":0,"b:9:26:9:34":0,"s:10:4:21:Infinity":1,"b:15:10:15:32:15:32:15:Infinity":1,"b:16:10:16:36:16:36:16:Infinity":2,"b:17:10:17:39:17:39:17:Infinity":3,"s:25:0:25:Infinity":2,"s:32:13:37:Infinity":3,"f:32:13:32:58":1,"s:33:2:37:Infinity":4,"b:32:68:32:71":4,"f:35:35:35:40":2,"s:36:6:36:Infinity":5,"b:36:68:36:78:36:78:36:90":5,"s:40:0:40:Infinity":6}}}
,"/home/p31/andromeda/software/packages/shared/src/ui/p31-shared/Navbar.tsx": {"path":"/home/p31/andromeda/software/packages/shared/src/ui/p31-shared/Navbar.tsx","statementMap":{"0":{"start":{"line":18,"column":22},"end":{"line":109,"column":null}},"1":{"start":{"line":20,"column":40},"end":{"line":20,"column":61}},"2":{"start":{"line":22,"column":4},"end":{"line":104,"column":null}},"3":{"start":{"line":42,"column":14},"end":{"line":58,"column":null}},"4":{"start":{"line":68,"column":27},"end":{"line":68,"column":53}},"5":{"start":{"line":85,"column":16},"end":{"line":100,"column":null}},"6":{"start":{"line":110,"column":0},"end":{"line":110,"column":null}}},"fnMap":{"0":{"name":"(anonymous_0)","decl":{"start":{"line":18,"column":28},"end":{"line":18,"column":null}},"loc":{"start":{"line":19,"column":76},"end":{"line":109,"column":null}},"line":19},"1":{"name":"(anonymous_1)","decl":{"start":{"line":41,"column":19},"end":{"line":41,"column":24}},"loc":{"start":{"line":42,"column":14},"end":{"line":58,"column":null}},"line":42},"2":{"name":"(anonymous_2)","decl":{"start":{"line":68,"column":12},"end":{"line":68,"column":27}},"loc":{"start":{"line":68,"column":27},"end":{"line":68,"column":53}},"line":68},"3":{"name":"(anonymous_3)","decl":{"start":{"line":84,"column":21},"end":{"line":84,"column":26}},"loc":{"start":{"line":85,"column":16},"end":{"line":100,"column":null}},"line":85}},"branchMap":{"0":{"loc":{"start":{"line":19,"column":39},"end":{"line":19,"column":56}},"type":"default-arg","locations":[{"start":{"line":19,"column":49},"end":{"line":19,"column":56}}],"line":19},"1":{"loc":{"start":{"line":27,"column":10},"end":{"line":29,"column":null}},"type":"cond-expr","locations":[{"start":{"line":28,"column":14},"end":{"line":28,"column":null}},{"start":{"line":29,"column":14},"end":{"line":29,"column":null}}],"line":27},"2":{"loc":{"start":{"line":37,"column":11},"end":{"line":37,"column":null}},"type":"binary-expr","locations":[{"start":{"line":37,"column":11},"end":{"line":37,"column":20}},{"start":{"line":37,"column":20},"end":{"line":37,"column":null}}],"line":37},"3":{"loc":{"start":{"line":48,"column":18},"end":{"line":52,"column":null}},"type":"cond-expr","locations":[{"start":{"line":49,"column":22},"end":{"line":51,"column":null}},{"start":{"line":52,"column":22},"end":{"line":52,"column":null}}],"line":48},"4":{"loc":{"start":{"line":49,"column":22},"end":{"line":51,"column":null}},"type":"cond-expr","locations":[{"start":{"line":50,"column":24},"end":{"line":50,"column":null}},{"start":{"line":51,"column":24},"end":{"line":51,"column":null}}],"line":49},"5":{"loc":{"start":{"line":54,"column":30},"end":{"line":54,"column":null}},"type":"cond-expr","locations":[{"start":{"line":54,"column":44},"end":{"line":54,"column":53}},{"start":{"line":54,"column":53},"end":{"line":54,"column":null}}],"line":54},"6":{"loc":{"start":{"line":63,"column":11},"end":{"line":63,"column":null}},"type":"binary-expr","locations":[{"start":{"line":63,"column":11},"end":{"line":63,"column":22}},{"start":{"line":63,"column":22},"end":{"line":63,"column":null}}],"line":63},"7":{"loc":{"start":{"line":72,"column":13},"end":{"line":75,"column":null}},"type":"cond-expr","locations":[{"start":{"line":73,"column":14},"end":{"line":75,"column":15}},{"start":{"line":75,"column":14},"end":{"line":75,"column":null}}],"line":72},"8":{"loc":{"start":{"line":81,"column":9},"end":{"line":104,"column":null}},"type":"binary-expr","locations":[{"start":{"line":81,"column":9},"end":{"line":81,"column":null}},{"start":{"line":82,"column":10},"end":{"line":104,"column":null}}],"line":81},"9":{"loc":{"start":{"line":90,"column":20},"end":{"line":92,"column":null}},"type":"cond-expr","locations":[{"start":{"line":91,"column":24},"end":{"line":91,"column":null}},{"start":{"line":92,"column":24},"end":{"line":92,"column":null}}],"line":90},"10":{"loc":{"start":{"line":94,"column":32},"end":{"line":94,"column":null}},"type":"cond-expr","locations":[{"start":{"line":94,"column":46},"end":{"line":94,"column":55}},{"start":{"line":94,"column":55},"end":{"line":94,"column":null}}],"line":94},"11":{"loc":{"start":{"line":102,"column":15},"end":{"line":102,"column":null}},"type":"binary-expr","locations":[{"start":{"line":102,"column":15},"end":{"line":102,"column":26}},{"start":{"line":102,"column":26},"end":{"line":102,"column":null}}],"line":102}},"s":{"0":0,"1":0,"2":0,"3":0,"4":0,"5":0,"6":0},"f":{"0":0,"1":0,"2":0,"3":0},"b":{"0":[0],"1":[0,0],"2":[0,0],"3":[0,0],"4":[0,0],"5":[0,0],"6":[0,0],"7":[0,0],"8":[0,0],"9":[0,0],"10":[0,0],"11":[0,0]},"meta":{"lastBranch":12,"lastFunction":4,"lastStatement":7,"seen":{"s:18:22:109:Infinity":0,"f:18:28:18:Infinity":0,"b:19:49:19:56":0,"s:20:40:20:61":1,"s:22:4:104:Infinity":2,"b:28:14:28:Infinity:29:14:29:Infinity":1,"b:37:11:37:20:37:20:37:Infinity":2,"f:41:19:41:24":1,"s:42:14:58:Infinity":3,"b:49:22:51:Infinity:52:22:52:Infinity":3,"b:50:24:50:Infinity:51:24:51:Infinity":4,"b:54:44:54:53:54:53:54:Infinity":5,"b:63:11:63:22:63:22:63:Infinity":6,"f:68:12:68:27":2,"s:68:27:68:53":4,"b:73:14:75:15:75:14:75:Infinity":7,"b:81:9:81:Infinity:82:10:104:Infinity":8,"f:84:21:84:26":3,"s:85:16:100:Infinity":5,"b:91:24:91:Infinity:92:24:92:Infinity":9,"b:94:46:94:55:94:55:94:Infinity":10,"b:102:15:102:26:102:26:102:Infinity":11,"s:110:0:110:Infinity":6}}}
,"/home/p31/andromeda/software/packages/shared/src/ui/p31-shared/index.ts": {"path":"/home/p31/andromeda/software/packages/shared/src/ui/p31-shared/index.ts","statementMap":{},"fnMap":{},"branchMap":{},"s":{},"f":{},"b":{},"meta":{"lastBranch":0,"lastFunction":0,"lastStatement":0,"seen":{}}}
,"/home/p31/andromeda/software/packages/shared/src/ui/p31-shared/utils.ts": {"path":"/home/p31/andromeda/software/packages/shared/src/ui/p31-shared/utils.ts","statementMap":{"0":{"start":{"line":5,"column":2},"end":{"line":5,"column":null}}},"fnMap":{"0":{"name":"cn","decl":{"start":{"line":4,"column":16},"end":{"line":4,"column":19}},"loc":{"start":{"line":4,"column":44},"end":{"line":5,"column":null}},"line":4}},"branchMap":{},"s":{"0":12},"f":{"0":12},"b":{},"meta":{"lastBranch":0,"lastFunction":1,"lastStatement":1,"seen":{"f:4:16:4:19":0,"s:5:2:5:Infinity":0}}}
}
