TN:
SF:software/packages/shared/src/ui/p31-shared/Button.tsx
FN:39,(anonymous_0)
FNF:1
FNH:1
FNDA:4,(anonymous_0)
DA:5,1
DA:39,1
DA:41,4
DA:64,1
LF:4
LH:4
BRDA:45,0,0,4
BRDA:45,0,1,3
BRDA:49,1,0,1
BRDA:49,1,1,3
BRF:4
BRH:4
end_of_record
TN:
SF:software/packages/shared/src/ui/p31-shared/Card.tsx
FN:8,(anonymous_0)
FN:29,(anonymous_1)
FN:36,(anonymous_2)
FN:43,(anonymous_3)
FN:50,(anonymous_4)
FN:57,(anonymous_5)
FNF:6
FNH:0
FNDA:0,(anonymous_0)
FNDA:0,(anonymous_1)
FNDA:0,(anonymous_2)
FNDA:0,(anonymous_3)
FNDA:0,(anonymous_4)
FNDA:0,(anonymous_5)
DA:8,0
DA:10,0
DA:27,0
DA:29,0
DA:31,0
DA:34,0
DA:36,0
DA:38,0
DA:41,0
DA:43,0
DA:45,0
DA:48,0
DA:50,0
DA:52,0
DA:55,0
DA:57,0
DA:59,0
DA:62,0
LF:18
LH:0
BRDA:9,0,0,0
BRDA:15,1,0,0
BRDA:15,1,1,0
BRDA:16,2,0,0
BRDA:16,2,1,0
BRDA:17,3,0,0
BRDA:17,3,1,0
BRF:7
BRH:0
end_of_record
TN:
SF:software/packages/shared/src/ui/p31-shared/Footer.tsx
FN:23,(anonymous_0)
FN:43,(anonymous_1)
FN:47,(anonymous_2)
FNF:3
FNH:0
FNDA:0,(anonymous_0)
FNDA:0,(anonymous_1)
FNDA:0,(anonymous_2)
DA:23,0
DA:31,0
DA:32,0
DA:44,0
DA:48,0
DA:72,0
LF:6
LH:0
BRDA:25,0,0,0
BRDA:26,1,0,0
BRDA:27,2,0,0
BRDA:28,3,0,0
BRDA:36,4,0,0
BRDA:36,4,1,0
BRDA:53,5,0,0
BRDA:53,5,1,0
BRDA:64,6,0,0
BRDA:64,6,1,0
BRDA:66,7,0,0
BRDA:66,7,1,0
BRF:12
BRH:0
end_of_record
TN:
SF:software/packages/shared/src/ui/p31-shared/Input.tsx
FN:9,(anonymous_0)
FNF:1
FNH:1
FNDA:3,(anonymous_0)
DA:9,1
DA:11,3
DA:12,3
DA:43,1
LF:4
LH:4
BRDA:11,0,0,3
BRDA:11,0,1,3
BRDA:14,1,0,3
BRDA:14,1,1,3
BRDA:27,2,0,1
BRDA:27,2,1,2
BRDA:31,3,0,1
BRDA:31,3,1,2
BRDA:34,4,0,3
BRDA:34,4,1,1
BRF:10
BRH:10
end_of_record
TN:
SF:software/packages/shared/src/ui/p31-shared/LoadingSkeleton.tsx
FN:8,(anonymous_0)
FN:32,(anonymous_1)
FN:35,(anonymous_2)
FNF:3
FNH:0
FNDA:0,(anonymous_0)
FNDA:0,(anonymous_1)
FNDA:0,(anonymous_2)
DA:8,0
DA:10,0
DA:25,0
DA:32,0
DA:33,0
DA:36,0
DA:40,0
LF:7
LH:0
BRDA:9,0,0,0
BRDA:15,1,0,0
BRDA:15,1,1,0
BRDA:16,2,0,0
BRDA:16,2,1,0
BRDA:17,3,0,0
BRDA:17,3,1,0
BRDA:32,4,0,0
BRDA:36,5,0,0
BRDA:36,5,1,0
BRF:10
BRH:0
end_of_record
TN:
SF:software/packages/shared/src/ui/p31-shared/Navbar.tsx
FN:18,(anonymous_0)
FN:41,(anonymous_1)
FN:68,(anonymous_2)
FN:84,(anonymous_3)
FNF:4
FNH:0
FNDA:0,(anonymous_0)
FNDA:0,(anonymous_1)
FNDA:0,(anonymous_2)
FNDA:0,(anonymous_3)
DA:18,0
DA:20,0
DA:22,0
DA:42,0
DA:68,0
DA:85,0
DA:110,0
LF:7
LH:0
BRDA:19,0,0,0
BRDA:27,1,0,0
BRDA:27,1,1,0
BRDA:37,2,0,0
BRDA:37,2,1,0
BRDA:48,3,0,0
BRDA:48,3,1,0
BRDA:49,4,0,0
BRDA:49,4,1,0
BRDA:54,5,0,0
BRDA:54,5,1,0
BRDA:63,6,0,0
BRDA:63,6,1,0
BRDA:72,7,0,0
BRDA:72,7,1,0
BRDA:81,8,0,0
BRDA:81,8,1,0
BRDA:90,9,0,0
BRDA:90,9,1,0
BRDA:94,10,0,0
BRDA:94,10,1,0
BRDA:102,11,0,0
BRDA:102,11,1,0
BRF:23
BRH:0
end_of_record
TN:
SF:software/packages/shared/src/ui/p31-shared/index.ts
FNF:0
FNH:0
LF:0
LH:0
BRF:0
BRH:0
end_of_record
TN:
SF:software/packages/shared/src/ui/p31-shared/utils.ts
FN:4,cn
FNF:1
FNH:1
FNDA:12,cn
DA:5,12
LF:1
LH:1
BRF:0
BRH:0
end_of_record
